<?xml version="1.0" encoding="UTF-8"?>
<!-- Generated by org.testng.reporters.JUnitXMLReporter -->
<testsuite ignored="0" hostname="INT-QECORE-075" failures="1" tests="1" name="Test" time="10.626" errors="0" timestamp="2025-04-09T13:00:15 IST">
  <testcase classname="tests.BrokenLinkImageTest" name="checkBrokenLinksAndImages" time="2.691">
    <failure type="java.lang.AssertionError" message="Broken link/image found: https://the-internet.herokuapp.com/asdf.jpg expected [true] but found [false]">
      <![CDATA[java.lang.AssertionError: Broken link/image found: https://the-internet.herokuapp.com/asdf.jpg expected [true] but found [false]
at tests.BrokenLinkImageTest.checkBrokenLinksAndImages(BrokenLinkImageTest.java:47)
at java.base/java.util.ArrayList.forEach(ArrayList.java:1597)
... Removed 28 stack frames]]>
    </failure>
  </testcase> <!-- checkBrokenLinksAndImages -->
</testsuite> <!-- Test -->
