<?xml version="1.0" encoding="UTF-8"?>
<testng-results ignored="0" total="1" passed="1" failed="0" skipped="0">
  <reporter-output>
  </reporter-output>
  <suite started-at="2025-04-09T18:06:27 IST" name="Default suite" finished-at="2025-04-09T18:06:41 IST" duration-ms="14286">
    <groups>
    </groups>
    <test started-at="2025-04-09T18:06:27 IST" name="Default test" finished-at="2025-04-09T18:06:41 IST" duration-ms="14286">
      <class name="tests.DynamicElementsAjaxTest">
        <test-method is-config="true" signature="loadFramework()[pri:0, instance:tests.DynamicElementsAjaxTest@59474f18]" started-at="2025-04-09T18:06:26 IST" name="loadFramework" finished-at="2025-04-09T18:06:27 IST" duration-ms="273" status="PASS">
          <reporter-output>
          </reporter-output>
        </test-method> <!-- loadFramework -->
        <test-method is-config="true" signature="setUp(java.lang.reflect.Method)[pri:0, instance:tests.DynamicElementsAjaxTest@59474f18]" started-at="2025-04-09T18:06:27 IST" name="setUp" finished-at="2025-04-09T18:06:32 IST" duration-ms="5591" status="PASS">
          <params>
            <param index="0">
              <value>
                <![CDATA[public void tests.DynamicElementsAjaxTest.testDynamicAjaxLoading()]]>
              </value>
            </param>
          </params>
          <reporter-output>
          </reporter-output>
        </test-method> <!-- setUp -->
        <test-method signature="testDynamicAjaxLoading()[pri:0, instance:tests.DynamicElementsAjaxTest@59474f18]" started-at="2025-04-09T18:06:32 IST" name="testDynamicAjaxLoading" description="Handle dynamic elements and AJAX loading" finished-at="2025-04-09T18:06:40 IST" duration-ms="7994" status="PASS">
          <reporter-output>
          </reporter-output>
        </test-method> <!-- testDynamicAjaxLoading -->
        <test-method is-config="true" signature="tearDown(org.testng.ITestResult)[pri:0, instance:tests.DynamicElementsAjaxTest@59474f18]" started-at="2025-04-09T18:06:40 IST" name="tearDown" finished-at="2025-04-09T18:06:41 IST" duration-ms="682" status="PASS">
          <params>
            <param index="0">
              <value>
                <![CDATA[[TestResult name=testDynamicAjaxLoading status=SUCCESS method=DynamicElementsAjaxTest.testDynamicAjaxLoading()[pri:0, instance:tests.DynamicElementsAjaxTest@59474f18] output={null}]]]>
              </value>
            </param>
          </params>
          <reporter-output>
          </reporter-output>
        </test-method> <!-- tearDown -->
        <test-method is-config="true" signature="flushReport()[pri:0, instance:tests.DynamicElementsAjaxTest@59474f18]" started-at="2025-04-09T18:06:41 IST" name="flushReport" finished-at="2025-04-09T18:06:41 IST" duration-ms="321" status="PASS">
          <reporter-output>
          </reporter-output>
        </test-method> <!-- flushReport -->
      </class> <!-- tests.DynamicElementsAjaxTest -->
    </test> <!-- Default test -->
  </suite> <!-- Default suite -->
</testng-results>
